<?xml version="1.0" encoding="UTF-8"?>
<testsuite name="ru.sdvirk.healthsync.watch.WatchSyncCodecTest" tests="2" skipped="0" failures="0" errors="0" timestamp="2026-09-16T20:25:07" hostname="cursor" time="0.009">
  <properties/>
  <testcase name="chunkSplitsWhenOverLimit" classname="ru.sdvirk.healthsync.watch.WatchSyncCodecTest" time="0.008"/>
  <testcase name="roundTripLineAndMessage" classname="ru.sdvirk.healthsync.watch.WatchSyncCodecTest" time="0.001"/>
  <system-out><![CDATA[]]></system-out>
  <system-err><![CDATA[]]></system-err>
</testsuite>
